2025-10-07 22:15:38 [INFO]: VulnGuard Backend API server running on port 3001
2025-10-07 22:15:38 [INFO]: Environment: development
2025-10-07 22:15:38 [INFO]: Health check available at http://localhost:3001/health
2025-10-07 22:18:59 [INFO]: SIGTERM received, shutting down gracefully
2025-10-07 22:18:59 [INFO]: Process terminated
2025-10-07 22:19:28 [INFO]: VulnGuard Backend API server running on port 3001
2025-10-07 22:19:28 [INFO]: Environment: development
2025-10-07 22:19:28 [INFO]: Health check available at http://localhost:3001/health
2025-10-08 12:38:40 [INFO]: VulnGuard Backend API server running on port 3001
2025-10-08 12:38:40 [INFO]: Environment: development
2025-10-08 12:38:40 [INFO]: Health check available at http://localhost:3001/health
2025-10-08 12:39:00 [INFO]: SIGTERM received, shutting down gracefully
2025-10-08 12:39:00 [INFO]: Process terminated
2025-10-08 12:39:43 [INFO]: VulnGuard Backend API server running on port 3001
2025-10-08 12:39:43 [INFO]: Environment: development
2025-10-08 12:39:43 [INFO]: Health check available at http://localhost:3001/health
2025-10-08 13:42:20 [INFO]: VulnGuard Backend API server running on port 3001
2025-10-08 13:42:20 [INFO]: Environment: development
2025-10-08 13:42:20 [INFO]: Health check available at http://localhost:3001/health
2025-10-08 13:42:31 [INFO]: VulnGuard Backend API server running on port 3001
2025-10-08 13:42:31 [INFO]: Environment: development
2025-10-08 13:42:31 [INFO]: Health check available at http://localhost:3001/health
2025-10-08 13:43:20 [INFO]: SIGTERM received, shutting down gracefully
2025-10-08 13:43:20 [INFO]: Process terminated
2025-10-08 13:43:31 [INFO]: VulnGuard Backend API server running on port 3001
2025-10-08 13:43:31 [INFO]: Environment: development
2025-10-08 13:43:31 [INFO]: Health check available at http://localhost:3001/health
2025-10-08 13:47:07 [INFO]: VulnGuard Backend API server running on port 3001
2025-10-08 13:47:07 [INFO]: Environment: development
2025-10-08 13:47:07 [INFO]: Health check available at http://localhost:3001/health
2025-10-08 13:50:04 [INFO]: SIGTERM received, shutting down gracefully
2025-10-08 13:50:04 [INFO]: Process terminated
2025-10-08 13:51:08 [INFO]: VulnGuard Backend API server running on port 3001
2025-10-08 13:51:08 [INFO]: Environment: development
2025-10-08 13:51:08 [INFO]: Health check available at http://localhost:3001/health
2025-10-08 13:54:53 [INFO]: SIGINT received, shutting down gracefully
2025-10-08 13:54:53 [INFO]: Process terminated
2025-10-08 13:56:28 [INFO]: VulnGuard Backend API server running on port 3001
2025-10-08 13:56:28 [INFO]: Environment: development
2025-10-08 13:56:28 [INFO]: Health check available at http://localhost:3001/health
2025-10-08 13:57:54 [INFO]: VulnGuard Backend API server running on port 3001
2025-10-08 13:57:54 [INFO]: Environment: development
2025-10-08 13:57:54 [INFO]: Health check available at http://localhost:3001/health
2025-10-08 13:58:18 [INFO]: SIGTERM received, shutting down gracefully
2025-10-08 13:58:18 [INFO]: Process terminated
2025-10-08 13:58:39 [INFO]: VulnGuard Backend API server running on port 3001
2025-10-08 13:58:39 [INFO]: Environment: development
2025-10-08 13:58:39 [INFO]: Health check available at http://localhost:3001/health
2025-10-08 14:00:53 [INFO]: VulnGuard Backend API server running on port 3001
2025-10-08 14:00:53 [INFO]: Environment: development
2025-10-08 14:00:53 [INFO]: Health check available at http://localhost:3001/health
2025-10-08 14:01:27 [INFO]: SIGTERM received, shutting down gracefully
2025-10-08 14:01:27 [INFO]: Process terminated
2025-10-08 14:01:34 [INFO]: VulnGuard Backend API server running on port 3001
2025-10-08 14:01:34 [INFO]: Environment: development
2025-10-08 14:01:34 [INFO]: Health check available at http://localhost:3001/health
2025-10-08 14:02:41 [INFO]: SIGINT received, shutting down gracefully
2025-10-08 14:02:41 [INFO]: Process terminated
2025-10-08 14:03:37 [INFO]: VulnGuard Backend API server running on port 3001
2025-10-08 14:03:37 [INFO]: Environment: development
2025-10-08 14:03:37 [INFO]: Health check available at http://localhost:3001/health
2025-10-08 14:28:26 [INFO]: VulnGuard Backend API server running on port 3001
2025-10-08 14:28:26 [INFO]: Environment: development
2025-10-08 14:28:26 [INFO]: Health check available at http://localhost:3001/health
2025-10-08 14:28:28 [INFO]: SIGTERM received, shutting down gracefully
2025-10-08 14:28:28 [INFO]: Process terminated
2025-10-08 14:29:49 [INFO]: VulnGuard Backend API server running on port 3001
2025-10-08 14:29:49 [INFO]: Environment: development
2025-10-08 14:29:49 [INFO]: Health check available at http://localhost:3001/health
2025-10-08 14:31:44 [INFO]: SIGINT received, shutting down gracefully
2025-10-08 14:31:44 [INFO]: Process terminated
2025-10-08 14:35:26 [INFO]: VulnGuard Backend API server running on port 3001
2025-10-08 14:35:26 [INFO]: Environment: development
2025-10-08 14:35:26 [INFO]: Health check available at http://localhost:3001/health
